0 info it worked if it ends with ok
1 verbose cli [ '/Users/chris/.nodenv/versions/0.10.3/bin/node',
1 verbose cli   '/Users/chris/.nodenv/versions/0.10.3/bin/npm',
1 verbose cli   'install',
1 verbose cli   'capistrano' ]
2 info using npm@1.2.17
3 info using node@v0.10.3
4 verbose read json /Users/chris/Sites/peepoltv-web/package.json
5 verbose read json /Users/chris/Sites/peepoltv-web/node_modules/bower/package.json
6 verbose read json /Users/chris/Sites/peepoltv-web/node_modules/connect-livereload/package.json
7 verbose read json /Users/chris/Sites/peepoltv-web/node_modules/connect-modrewrite/package.json
8 verbose read json /Users/chris/Sites/peepoltv-web/node_modules/grunt/package.json
9 verbose read json /Users/chris/Sites/peepoltv-web/node_modules/grunt-bower-requirejs/package.json
10 verbose read json /Users/chris/Sites/peepoltv-web/node_modules/grunt-concurrent/package.json
11 verbose read json /Users/chris/Sites/peepoltv-web/node_modules/grunt-contrib-clean/package.json
12 verbose read json /Users/chris/Sites/peepoltv-web/node_modules/grunt-contrib-coffee/package.json
13 verbose read json /Users/chris/Sites/peepoltv-web/node_modules/grunt-contrib-compass/package.json
14 verbose read json /Users/chris/Sites/peepoltv-web/node_modules/grunt-contrib-concat/package.json
15 verbose read json /Users/chris/Sites/peepoltv-web/node_modules/grunt-contrib-connect/package.json
16 verbose read json /Users/chris/Sites/peepoltv-web/node_modules/grunt-contrib-copy/package.json
17 verbose read json /Users/chris/Sites/peepoltv-web/node_modules/grunt-contrib-cssmin/package.json
18 verbose read json /Users/chris/Sites/peepoltv-web/node_modules/grunt-contrib-htmlmin/package.json
19 verbose read json /Users/chris/Sites/peepoltv-web/node_modules/grunt-contrib-imagemin/package.json
20 verbose read json /Users/chris/Sites/peepoltv-web/node_modules/grunt-contrib-jshint/package.json
21 verbose read json /Users/chris/Sites/peepoltv-web/node_modules/grunt-contrib-livereload/package.json
22 verbose read json /Users/chris/Sites/peepoltv-web/node_modules/grunt-contrib-uglify/package.json
23 verbose read json /Users/chris/Sites/peepoltv-web/node_modules/grunt-contrib-watch/package.json
24 verbose read json /Users/chris/Sites/peepoltv-web/node_modules/grunt-google-cdn/package.json
25 verbose read json /Users/chris/Sites/peepoltv-web/node_modules/grunt-karma/package.json
26 verbose read json /Users/chris/Sites/peepoltv-web/node_modules/grunt-ngmin/package.json
27 verbose read json /Users/chris/Sites/peepoltv-web/node_modules/grunt-open/package.json
28 verbose read json /Users/chris/Sites/peepoltv-web/node_modules/grunt-regarde/package.json
29 verbose read json /Users/chris/Sites/peepoltv-web/node_modules/grunt-rev/package.json
30 verbose read json /Users/chris/Sites/peepoltv-web/node_modules/grunt-usemin/package.json
31 verbose read json /Users/chris/Sites/peepoltv-web/node_modules/matchdep/package.json
32 verbose from cache /Users/chris/Sites/peepoltv-web/package.json
33 verbose readDependencies using package.json deps
34 verbose cache add [ 'capistrano', null ]
35 verbose cache add name=undefined spec="capistrano" args=["capistrano",null]
36 verbose parsed url { protocol: null,
36 verbose parsed url   slashes: null,
36 verbose parsed url   auth: null,
36 verbose parsed url   host: null,
36 verbose parsed url   port: null,
36 verbose parsed url   hostname: null,
36 verbose parsed url   hash: null,
36 verbose parsed url   search: null,
36 verbose parsed url   query: null,
36 verbose parsed url   pathname: 'capistrano',
36 verbose parsed url   path: 'capistrano',
36 verbose parsed url   href: 'capistrano' }
37 silly lockFile 6631c00f-capistrano capistrano
38 verbose lock capistrano /Users/chris/.npm/6631c00f-capistrano.lock
39 silly lockFile 6631c00f-capistrano capistrano
40 silly lockFile 6631c00f-capistrano capistrano
41 verbose addNamed [ 'capistrano', '' ]
42 verbose addNamed [ null, '' ]
43 silly lockFile 3f92aafd-capistrano capistrano@
44 verbose lock capistrano@ /Users/chris/.npm/3f92aafd-capistrano.lock
45 silly addNameRange { name: 'capistrano', range: '', hasData: false }
46 verbose url raw capistrano
47 verbose url resolving [ 'https://registry.npmjs.org/', './capistrano' ]
48 verbose url resolved https://registry.npmjs.org/capistrano
49 info trying registry request attempt 1 at 17:31:47
50 http GET https://registry.npmjs.org/capistrano
51 http 404 https://registry.npmjs.org/capistrano
52 silly registry.get cb [ 404,
52 silly registry.get   { server: 'CouchDB/1.3.0 (Erlang OTP/R15B03)',
52 silly registry.get     date: 'Fri, 28 Jun 2013 21:31:47 GMT',
52 silly registry.get     'content-type': 'application/json',
52 silly registry.get     'content-length': '52',
52 silly registry.get     'cache-control': 'must-revalidate' } ]
53 silly lockFile 3f92aafd-capistrano capistrano@
54 silly lockFile 3f92aafd-capistrano capistrano@
55 error 404 'capistrano' is not in the npm registry.
55 error 404 You should bug the author to publish it
55 error 404
55 error 404 Note that you can also install from a
55 error 404 tarball, folder, or http url, or git url.
56 error System Darwin 12.4.0
57 error command "/Users/chris/.nodenv/versions/0.10.3/bin/node" "/Users/chris/.nodenv/versions/0.10.3/bin/npm" "install" "capistrano"
58 error cwd /Users/chris/Sites/peepoltv-web
59 error node -v v0.10.3
60 error npm -v 1.2.17
61 error code E404
62 verbose exit [ 1, true ]
